<?xml version="1.0" encoding="UTF-8"?>
<!-- Generated by org.testng.reporters.JUnitXMLReporter -->
<testsuite hostname="Ankit-PC" ignored="0" name="Default test" tests="3" failures="0" timestamp="2020-08-05T15:19:43 IST" time="49.962" errors="0">
  <testcase name="validateaddNewAddressTest" time="1.576" classname="com.flipkart.qa.tests.ManageAddressesPageTest"/>
  <testcase name="validateaddNewAddressTest" time="1.635" classname="com.flipkart.qa.tests.ManageAddressesPageTest"/>
  <testcase name="validateaddNewAddressTest" time="1.76" classname="com.flipkart.qa.tests.ManageAddressesPageTest"/>
</testsuite> <!-- Default test -->
