<?xml version="1.0" encoding="UTF-8"?>
<!-- Generated by org.testng.reporters.JUnitXMLReporter -->
<testsuite hostname="Ankit-PC" ignored="0" name="Default test" tests="3" failures="0" timestamp="2020-07-11T18:01:13 IST" time="36.48" errors="0">
  <testcase name="loginPageTitleTest" time="0.174" classname="com.flipkart.qa.tests.LoginPageTest"/>
  <testcase name="flipkartLogoTest" time="0.733" classname="com.flipkart.qa.tests.LoginPageTest"/>
  <testcase name="loginTest" time="1.149" classname="com.flipkart.qa.tests.LoginPageTest"/>
</testsuite> <!-- Default test -->
