<?xml version="1.0" encoding="UTF-8"?>
<testng-results skipped="0" failed="0" ignored="0" total="3" passed="3">
  <reporter-output>
  </reporter-output>
  <suite name="Default suite" duration-ms="49962" started-at="2020-08-05T15:18:53 IST" finished-at="2020-08-05T15:19:43 IST">
    <groups>
    </groups>
    <test name="Default test" duration-ms="49962" started-at="2020-08-05T15:18:53 IST" finished-at="2020-08-05T15:19:43 IST">
      <class name="com.flipkart.qa.tests.ManageAddressesPageTest">
        <test-method status="PASS" signature="setUp()[pri:0, instance:com.flipkart.qa.tests.ManageAddressesPageTest@394e1a0f]" name="setUp" is-config="true" duration-ms="14723" started-at="2020-08-05T15:18:55 IST" finished-at="2020-08-05T15:19:09 IST">
          <reporter-output>
          </reporter-output>
        </test-method> <!-- setUp -->
        <test-method status="PASS" signature="validateaddNewAddressTest(java.lang.String, java.lang.String, java.lang.String, java.lang.String, java.lang.String)[pri:0, instance:com.flipkart.qa.tests.ManageAddressesPageTest@394e1a0f]" name="validateaddNewAddressTest" duration-ms="1576" started-at="2020-08-05T15:19:09 IST" data-provider="getFlipkartTestData" finished-at="2020-08-05T15:19:11 IST">
          <params>
            <param index="0">
              <value>
                <![CDATA[Ank]]>
              </value>
            </param>
            <param index="1">
              <value>
                <![CDATA[9.87456321E9]]>
              </value>
            </param>
            <param index="2">
              <value>
                <![CDATA[201001.0]]>
              </value>
            </param>
            <param index="3">
              <value>
                <![CDATA[raj comp]]>
              </value>
            </param>
            <param index="4">
              <value>
                <![CDATA[24/f, tronyuin]]>
              </value>
            </param>
          </params>
          <reporter-output>
          </reporter-output>
        </test-method> <!-- validateaddNewAddressTest -->
        <test-method status="PASS" signature="tearDown()[pri:0, instance:com.flipkart.qa.tests.ManageAddressesPageTest@394e1a0f]" name="tearDown" is-config="true" duration-ms="1771" started-at="2020-08-05T15:19:11 IST" finished-at="2020-08-05T15:19:13 IST">
          <reporter-output>
          </reporter-output>
        </test-method> <!-- tearDown -->
        <test-method status="PASS" signature="setUp()[pri:0, instance:com.flipkart.qa.tests.ManageAddressesPageTest@394e1a0f]" name="setUp" is-config="true" duration-ms="12813" started-at="2020-08-05T15:19:13 IST" finished-at="2020-08-05T15:19:26 IST">
          <reporter-output>
          </reporter-output>
        </test-method> <!-- setUp -->
        <test-method status="PASS" signature="validateaddNewAddressTest(java.lang.String, java.lang.String, java.lang.String, java.lang.String, java.lang.String)[pri:0, instance:com.flipkart.qa.tests.ManageAddressesPageTest@394e1a0f]" name="validateaddNewAddressTest" duration-ms="1635" started-at="2020-08-05T15:19:26 IST" data-provider="getFlipkartTestData" finished-at="2020-08-05T15:19:27 IST">
          <params>
            <param index="0">
              <value>
                <![CDATA[Raj]]>
              </value>
            </param>
            <param index="1">
              <value>
                <![CDATA[9.87514263E9]]>
              </value>
            </param>
            <param index="2">
              <value>
                <![CDATA[201003.0]]>
              </value>
            </param>
            <param index="3">
              <value>
                <![CDATA[vishnu]]>
              </value>
            </param>
            <param index="4">
              <value>
                <![CDATA[32/7, bikhar]]>
              </value>
            </param>
          </params>
          <reporter-output>
          </reporter-output>
        </test-method> <!-- validateaddNewAddressTest -->
        <test-method status="PASS" signature="tearDown()[pri:0, instance:com.flipkart.qa.tests.ManageAddressesPageTest@394e1a0f]" name="tearDown" is-config="true" duration-ms="888" started-at="2020-08-05T15:19:27 IST" finished-at="2020-08-05T15:19:28 IST">
          <reporter-output>
          </reporter-output>
        </test-method> <!-- tearDown -->
        <test-method status="PASS" signature="setUp()[pri:0, instance:com.flipkart.qa.tests.ManageAddressesPageTest@394e1a0f]" name="setUp" is-config="true" duration-ms="12310" started-at="2020-08-05T15:19:28 IST" finished-at="2020-08-05T15:19:40 IST">
          <reporter-output>
          </reporter-output>
        </test-method> <!-- setUp -->
        <test-method status="PASS" signature="validateaddNewAddressTest(java.lang.String, java.lang.String, java.lang.String, java.lang.String, java.lang.String)[pri:0, instance:com.flipkart.qa.tests.ManageAddressesPageTest@394e1a0f]" name="validateaddNewAddressTest" duration-ms="1760" started-at="2020-08-05T15:19:40 IST" data-provider="getFlipkartTestData" finished-at="2020-08-05T15:19:42 IST">
          <params>
            <param index="0">
              <value>
                <![CDATA[Gaur]]>
              </value>
            </param>
            <param index="1">
              <value>
                <![CDATA[9.63258741E9]]>
              </value>
            </param>
            <param index="2">
              <value>
                <![CDATA[201009.0]]>
              </value>
            </param>
            <param index="3">
              <value>
                <![CDATA[vijaynagar]]>
              </value>
            </param>
            <param index="4">
              <value>
                <![CDATA[64/2, panchwati]]>
              </value>
            </param>
          </params>
          <reporter-output>
          </reporter-output>
        </test-method> <!-- validateaddNewAddressTest -->
        <test-method status="PASS" signature="tearDown()[pri:0, instance:com.flipkart.qa.tests.ManageAddressesPageTest@394e1a0f]" name="tearDown" is-config="true" duration-ms="917" started-at="2020-08-05T15:19:42 IST" finished-at="2020-08-05T15:19:43 IST">
          <reporter-output>
          </reporter-output>
        </test-method> <!-- tearDown -->
      </class> <!-- com.flipkart.qa.tests.ManageAddressesPageTest -->
    </test> <!-- Default test -->
  </suite> <!-- Default suite -->
</testng-results>
